{
  "RSpec": {
    "coverage": {
      "/Users/TimGill/Github/Makers_main/04_Week/bookmark_manager_Dan/spec/features/index_spec.rb": {
        "lines": [
          1,
          1,
          1,
          1,
          null,
          null
        ]
      },
      "/Users/TimGill/Github/Makers_main/04_Week/bookmark_manager_Dan/spec/features/view_bookmarks_spec.rb": {
        "lines": [
          1,
          1,
          1,
          1,
          1,
          1,
          null,
          null
        ]
      },
      "/Users/TimGill/Github/Makers_main/04_Week/bookmark_manager_Dan/spec/unit/bookmark_spec.rb": {
        "lines": [
          1,
          null,
          1,
          1,
          1,
          1,
          1,
          1,
          null,
          null
        ]
      }
    },
    "timestamp": 1603206903
  }
}
