{
  "RSpec": {
    "coverage": {
      "/Users/cameronlogie/codingprojects/makers/week_4/bookmark_manager/spec/features/index_spec.rb": {
        "lines": [
          1,
          1,
          1,
          1,
          null,
          null
        ]
      },
      "/Users/cameronlogie/codingprojects/makers/week_4/bookmark_manager/spec/features/view_bookmarks_spec.rb": {
        "lines": [
          1,
          1,
          1,
          1,
          1,
          1,
          null,
          null
        ]
      },
      "/Users/cameronlogie/codingprojects/makers/week_4/bookmark_manager/spec/unit/bookmark_spec.rb": {
        "lines": [
          1,
          null,
          1,
          null,
          2,
          2,
          null,
          1,
          1,
          1,
          1,
          null,
          null,
          null
        ]
      }
    },
    "timestamp": 1603118938
  }
}
